*.jpg
Hello LeninGF
Otsu enabled
./data_jpg/
./data_jpg/case1
./data_jpg/case1
*.jpg
Hello KenshinHimura
Otsu not enabled:  False
./data_jpg/
./data_jpg/case1
./data_jpg/case1
*.jpg
Hello LeninGF
Otsu enabled
./data_jpg/
./data_jpg/case1
./data_jpg/case1
*.jpg
Hello KenshinHimura
Otsu not enabled:  False
./data_jpg/
./data_jpg/case1
./data_jpg/case1
*.jpg
Hello LeninGF
Otsu enabled
./data_jpg/
./data_jpg/case1
./data_jpg/case1
*.jpg
Hello KenshinHimura
Otsu not enabled:  False
./data_jpg/
./data_jpg/case1
./data_jpg/case1
jue abr 18 17:57:18 UTC 2019 ***hello***
*.jpg
Hello LeninGF
Otsu enabled
./data_jpg/
./data_jpg/case1
./data_jpg/case1
*.jpg
Hello KenshinHimura
Otsu not enabled:  False
./data_jpg/
./data_jpg/case1
./data_jpg/case1
